Flutter crash report.
Please report a bug at https://github.com/flutter/flutter/issues.

## command

flutter assemble --no-version-check --output=/Users/swc/projects/campus_go/build/ios/Debug-iphonesimulator/ -dTargetPlatform=ios -dTargetFile=/Users/swc/projects/campus_go/lib/main.dart -dBuildMode=debug -dIosArchs=arm64 -dSdkRoot=/Applications/Xcode.app/Contents/Developer/Platforms/iPhoneSimulator.platform/Developer/SDKs/iPhoneSimulator16.4.sdk -dSplitDebugInfo= -dTreeShakeIcons=false -dTrackWidgetCreation=true -dDartObfuscation=false -dAction=build --ExtraGenSnapshotOptions= --DartDefines=RkxVVFRFUl9XRUJfQVVUT19ERVRFQ1Q9dHJ1ZQ==,RkxVVFRFUl9XRUJfQ0FOVkFTS0lUX1VSTD1odHRwczovL3d3dy5nc3RhdGljLmNvbS9mbHV0dGVyLWNhbnZhc2tpdC8yYTM0MDFjOWJiYjVhOWE5YWVjNzRkNGY3MzVkMThhOWRkM2ViZjJkLw== --ExtraFrontEndOptions= -dCodesignIdentity=- debug_ios_bundle_flutter_assets

## exception

PathAccessException: PathAccessException: Cannot delete file, path = '/Users/y.chanchal/swc/campus_go/build/ios/Debug-iphonesimulator/Flutter.framework/Flutter' (OS Error: Permission denied, errno = 13)

```
#0      _File.throwIfError (dart:io/file_impl.dart:675:7)
#1      _File._deleteSync (dart:io/file_impl.dart:329:5)
#2      FileSystemEntity.deleteSync (dart:io/file_system_entity.dart:424:7)
#3      ForwardingFileSystemEntity.deleteSync (package:file/src/forwarding/forwarding_file_system_entity.dart:70:16)
#4      ForwardingFileSystemEntity.deleteSync (package:file/src/forwarding/forwarding_file_system_entity.dart:70:16)
#5      ErrorHandlingFileSystem.deleteIfExists (package:flutter_tools/src/base/error_handling_io.dart:80:12)
#6      FlutterBuildSystem.trackSharedBuildDirectory (package:flutter_tools/src/build_system/build_system.dart:750:33)
#7      FlutterBuildSystem.build (package:flutter_tools/src/build_system/build_system.dart:638:5)
<asynchronous suspension>
#8      AssembleCommand.runCommand (package:flutter_tools/src/commands/assemble.dart:315:32)
<asynchronous suspension>
#9      FlutterCommand.run.<anonymous closure> (package:flutter_tools/src/runner/flutter_command.dart:1336:27)
<asynchronous suspension>
#10     AppContext.run.<anonymous closure> (package:flutter_tools/src/base/context.dart:150:19)
<asynchronous suspension>
#11     CommandRunner.runCommand (package:args/command_runner.dart:212:13)
<asynchronous suspension>
#12     FlutterCommandRunner.runCommand.<anonymous closure> (package:flutter_tools/src/runner/flutter_command_runner.dart:296:9)
<asynchronous suspension>
#13     AppContext.run.<anonymous closure> (package:flutter_tools/src/base/context.dart:150:19)
<asynchronous suspension>
#14     FlutterCommandRunner.runCommand (package:flutter_tools/src/runner/flutter_command_runner.dart:244:5)
<asynchronous suspension>
#15     run.<anonymous closure>.<anonymous closure> (package:flutter_tools/runner.dart:91:9)
<asynchronous suspension>
#16     AppContext.run.<anonymous closure> (package:flutter_tools/src/base/context.dart:150:19)
<asynchronous suspension>
#17     main (package:flutter_tools/executable.dart:91:3)
<asynchronous suspension>
```

## flutter doctor

```
[✓] Flutter (Channel stable, 3.10.4, on macOS 13.4.1 22F82 darwin-arm64, locale en-US)
    • Flutter version 3.10.4 on channel stable at /Users/swc/Developer/flutter
    • Upstream repository https://github.com/flutter/flutter.git
    • Framework revision 682aa387cf (3 weeks ago), 2023-06-05 18:04:56 -0500
    • Engine revision 2a3401c9bb
    • Dart version 3.0.3
    • DevTools version 2.23.1

[✓] Android toolchain - develop for Android devices (Android SDK version 34.0.0)
    • Android SDK at /Users/swc/Library/Android/sdk
    • Platform android-34, build-tools 34.0.0
    • Java binary at: /Applications/Android Studio.app/Contents/jbr/Contents/Home/bin/java
    • Java version OpenJDK Runtime Environment (build 17.0.6+0-17.0.6b802.4-9586694)
    • All Android licenses accepted.

[✓] Xcode - develop for iOS and macOS (Xcode 14.3.1)
    • Xcode at /Applications/Xcode.app/Contents/Developer
    • Build 14E300c
    • CocoaPods version 1.12.1

[✓] Chrome - develop for the web
    • Chrome at /Applications/Google Chrome.app/Contents/MacOS/Google Chrome

[✓] Android Studio (version 2022.2)
    • Android Studio at /Applications/Android Studio.app/Contents
    • Flutter plugin can be installed from:
      🔨 https://plugins.jetbrains.com/plugin/9212-flutter
    • Dart plugin can be installed from:
      🔨 https://plugins.jetbrains.com/plugin/6351-dart
    • Java version OpenJDK Runtime Environment (build 17.0.6+0-17.0.6b802.4-9586694)

[✓] VS Code (version 1.79.2)
    • VS Code at /Applications/Visual Studio Code.app/Contents
    • Flutter extension version 3.66.0

[✓] Connected device (4 available)
    • Chanchal’s iPad (mobile)   • 00008112-001A10901488C01E            • ios            • iOS 16.5.1 20F75
    • iPhone 14 Pro Max (mobile) • 0FCD8209-14C3-401A-80E2-BEB2C4459A37 • ios            • com.apple.CoreSimulator.SimRuntime.iOS-16-4 (simulator)
    • macOS (desktop)            • macos                                • darwin-arm64   • macOS 13.4.1 22F82 darwin-arm64
    • Chrome (web)               • chrome                               • web-javascript • Google Chrome 114.0.5735.133
    ! Error: Chanchal’s iPad is busy: Fetching debug symbols for Chanchal’s iPad. Xcode will continue when Chanchal’s iPad is finished. (code -10)

[✓] Network resources
    • All expected network resources are available.

• No issues found!
```
